*** Using Compiler 'V5.06 update 5 (build 528)', folder: 'D:\Keil5\ARM\ARMCC\Bin'
Rebuild target 'Chassis_Board'
assembling startup_stm32f407xx.s...
compiling crc.c...
compiling stm32f4xx_hal_msp.c...
compiling can.c...
compiling stm32f4xx_hal_pcd_ex.c...
compiling dma.c...
compiling i2c.c...
compiling stm32f4xx_hal_pcd.c...
compiling rtc.c...
compiling adc.c...
compiling spi.c...
compiling rng.c...
compiling stm32f4xx_it.c...
compiling usbd_desc.c...
compiling usb_device.c...
compiling usbd_cdc_if.c...
compiling usart.c...
compiling gpio.c...
compiling stm32f4xx_hal_rcc.c...
compiling usbd_conf.c...
compiling tim.c...
compiling freertos.c...
compiling main.c...
compiling stm32f4xx_ll_adc.c...
compiling stm32f4xx_ll_usb.c...
compiling stm32f4xx_hal_dma.c...
compiling stm32f4xx_hal_i2c_ex.c...
compiling stm32f4xx_hal_pwr.c...
compiling stm32f4xx_hal_flash_ramfunc.c...
compiling stm32f4xx_hal_rng.c...
compiling stm32f4xx_hal_flash_ex.c...
compiling stm32f4xx_hal_pwr_ex.c...
compiling stm32f4xx_hal_cortex.c...
compiling stm32f4xx_hal_crc.c...
compiling stm32f4xx_hal_rcc_ex.c...
compiling stm32f4xx_hal_exti.c...
compiling stm32f4xx_hal_rtc.c...
compiling stm32f4xx_hal_gpio.c...
compiling stm32f4xx_hal_adc_ex.c...
compiling stm32f4xx_hal.c...
compiling stm32f4xx_hal_rtc_ex.c...
compiling stm32f4xx_hal_flash.c...
compiling stm32f4xx_hal_adc.c...
compiling stm32f4xx_hal_dma_ex.c...
compiling stm32f4xx_hal_can.c...
compiling stm32f4xx_hal_spi.c...
compiling croutine.c...
compiling stm32f4xx_hal_tim.c...
compiling event_groups.c...
compiling stm32f4xx_hal_i2c.c...
compiling stream_buffer.c...
compiling cmsis_os.c...
compiling list.c...
compiling queue.c...
compiling timers.c...
compiling First_order_filter.cpp...
compiling Pid.cpp...
compiling heap_4.c...
compiling detect_task.cpp...
compiling tasks.c...
compiling port.c...
compiling user_lib.c...
compiling system_stm32f4xx.c...
compiling Remote_control.cpp...
compiling Motor.cpp...
compiling usbd_core.c...
compiling bsp_can.c...
compiling usbd_ioreq.c...
compiling CRC8_CRC16.c...
compiling stm32f4xx_hal_tim_ex.c...
compiling system_config.cpp...
compiling Can_receive.cpp...
../Inc/can.h(34): warning:  #337-D: linkage specification is incompatible with previous "hcan1"  (declared at line 8 of "..\user_code\protocol\can_receive.h")
  extern CAN_HandleTypeDef hcan1;
../Inc/can.h(35): warning:  #337-D: linkage specification is incompatible with previous "hcan2"  (declared at line 9 of "..\user_code\protocol\can_receive.h")
  extern CAN_HandleTypeDef hcan2;
..\user_code\protocol\Can_receive.cpp: 2 warnings, 0 errors
compiling my_test_task.cpp...
compiling Slam_control.cpp...
compiling communicate_task.cpp...
compiling fifo.c...
compiling usbd_cdc.c...
compiling chassis_task.cpp...
compiling usbd_ctlreq.c...
compiling Super_cap.cpp...
compiling Communicate.cpp...
../Inc/usart.h(34): warning:  #337-D: linkage specification is incompatible with previous "huart1"  (declared at line 37 of "..\user_code\protocol\Slam_control.h")
  extern UART_HandleTypeDef huart1;
../Inc/usart.h(35): warning:  #337-D: linkage specification is incompatible with previous "huart3"  (declared at line 26 of "..\user_code\protocol\Remote_control.h")
  extern UART_HandleTypeDef huart3;
../Inc/usart.h(36): warning:  #337-D: linkage specification is incompatible with previous "huart6"  (declared at line 538 of "..\user_code\protocol\Referee.h")
  extern UART_HandleTypeDef huart6;
..\user_code\module\Communicate.cpp(171): warning:  #550-D: variable "this_time_rx_len"  was set but never used
              static uint16_t this_time_rx_len = 0;
..\user_code\module\Communicate.cpp: 4 warnings, 0 errors
compiling Referee.cpp...
compiling stm32f4xx_hal_uart.c...
compiling Ui.cpp...
..\user_code\protocol\Ui.cpp(582): warning:  #177-D: variable "CRC8_INIT_UI"  was declared but never referenced
  const unsigned char CRC8_INIT_UI = 0xff;
..\user_code\protocol\Ui.cpp: 1 warning, 0 errors
compiling Chassis.cpp...
../Inc/usart.h(35): warning:  #337-D: linkage specification is incompatible with previous "huart3"  (declared at line 26 of "..\user_code\protocol\Remote_control.h")
  extern UART_HandleTypeDef huart3;
../Inc/usart.h(36): warning:  #337-D: linkage specification is incompatible with previous "huart6"  (declared at line 538 of "..\user_code\protocol\Referee.h")
  extern UART_HandleTypeDef huart6;
..\user_code\module\Chassis.cpp(492): warning:  #187-D: use of "=" where "==" may have been intended
      else if (chassis_mode = CHASSIS_VECTOR_SLAM)
..\user_code\module\Chassis.cpp(499): warning:  #187-D: use of "=" where "==" may have been intended
      else if (chassis_mode = CHASSIS_VECTOR_SPIN)
..\user_code\module\Chassis.cpp: 4 warnings, 0 errors
compiling bsp_delay.c...
compiling bsp_led.c...
compiling bsp_rc.c...
compiling bsp_usart.c...
linking...
Program Size: Code=44176 RO-data=2144 RW-data=608 ZI-data=57496  
FromELF: creating hex file...
".\Chassis_Board\Chassis_Board.axf" - 0 Error(s), 11 Warning(s).
Build Time Elapsed:  00:00:16
